<?xml version="1.0" encoding="UTF-8"?>
<!-- Generated by org.testng.reporters.JUnitXMLReporter -->
<testsuite hostname="NavTech-PC" ignored="0" name="Test" tests="2" failures="1" timestamp="16 Feb 2019 21:34:23 GMT" time="10.952" errors="0">
  <testcase name="invokeBrowser" time="6.063" classname="projectMaven.BramptonMVNProject.SampleTestNGCode"/>
  <testcase name="invokeBrowser" time="4.858" classname="projectMaven.BramptonMVNProject.SampleTestNGCodeforFB">
    <failure type="java.lang.AssertionError" message="expected [true] but found [false]">
      <![CDATA[java.lang.AssertionError: expected [true] but found [false]
at projectMaven.BramptonMVNProject.SampleTestNGCodeforFB.invokeBrowser(SampleTestNGCodeforFB.java:15)
... Removed 29 stack frames]]>
    </failure>
  </testcase> <!-- invokeBrowser -->
</testsuite> <!-- Test -->
