<?xml version="1.0" encoding="UTF-8"?>
<testng-results skipped="0" failed="0" ignored="0" total="2" passed="2">
  <reporter-output>
  </reporter-output>
  <suite name="Default suite" duration-ms="62992" started-at="2019-02-17T13:40:31Z" finished-at="2019-02-17T13:41:34Z">
    <groups>
    </groups>
    <test name="Default test" duration-ms="62992" started-at="2019-02-17T13:40:31Z" finished-at="2019-02-17T13:41:34Z">
      <class name="projectMaven.BramptonMVNProject.DataProviders">
        <test-method status="PASS" signature="login(java.lang.String, java.lang.String)[pri:0, instance:projectMaven.BramptonMVNProject.DataProviders@1a7504c]" name="login" duration-ms="39438" started-at="2019-02-17T13:40:31Z" data-provider="provideLoginData" finished-at="2019-02-17T13:41:11Z">
          <params>
            <param index="0">
              <value>
                <![CDATA[seleniumtraining]]>
              </value>
            </param>
            <param index="1">
              <value>
                <![CDATA[selenium1234]]>
              </value>
            </param>
          </params>
          <reporter-output>
          </reporter-output>
        </test-method> <!-- login -->
        <test-method status="PASS" signature="login(java.lang.String, java.lang.String)[pri:0, instance:projectMaven.BramptonMVNProject.DataProviders@1a7504c]" name="login" duration-ms="23510" started-at="2019-02-17T13:41:11Z" data-provider="provideLoginData" finished-at="2019-02-17T13:41:34Z">
          <params>
            <param index="0">
              <value>
                <![CDATA[seleniumtraining1]]>
              </value>
            </param>
            <param index="1">
              <value>
                <![CDATA[selenium1234]]>
              </value>
            </param>
          </params>
          <reporter-output>
          </reporter-output>
        </test-method> <!-- login -->
      </class> <!-- projectMaven.BramptonMVNProject.DataProviders -->
    </test> <!-- Default test -->
  </suite> <!-- Default suite -->
</testng-results>
